2024-01-22 - 15:01:20
Workflow 'Update workflow.' started.
              Using DaVinci Configurator  5.18.37 SP1 (x86_64).
 15:01:20 - Action 'Validate workflow environment' started.
 15:01:20 - Action 'Validate dpa file' started.
 15:01:20 - Action 'Validate dpa file' successfully finished.
 15:01:20 - Action 'SLP conformance check' started.
 15:01:20 - Action 'SLP conformance check' successfully finished.
 15:01:20 - Action 'Validate workflow environment' successfully finished.
 15:01:20 - Action 'Input File Pre-Processing' started.
 15:01:20 - Action 'Converting legacy file(s) to AUTOSAR files' started.
 15:01:20 - Action 'Converting legacy file(s) to AUTOSAR files' started.
              Convert legacy file(s) to System Description.
              Used executable: C:\vector\CBD1800257_D01_S32K1xx\Generators\LegacyDb2SystemDescrConverter\LegacyDb2SystemDescrConverter.exe.
              Arguments: "C:\Users\lizhao\Documents\Github\S32K14x_MCAL\AutoSAR_LED.dbc" -o "C:\Users\lizhao\AppData\Local\Temp\DaVinci\Cfg-6034138\LegacyConverterResults\1705906880720-0\ConvertedLegacy" -r 42 -e -v 19.
              
              Vector Legacy Database Converter.
              Version: 1.8.24.0.
              Copyright (c) 2018 Vector Informatik GmbH.
              License is restricted to the usage with CBD1800257 (D01) for MSR_Vector_SLP4.
              
              [info] SIP License found as C:\vector\CBD1800257_D01_S32K1xx\SipLicense.lic.
              [info] Command line: C:\vector\CBD1800257_D01_S32K1xx\Generators\LegacyDb2SystemDescrConverter\LegacyDb2SystemDescrConverter.exe "C:\Users\lizhao\Documents\Github\S32K14x_MCAL\AutoSAR_LED.dbc" -o "C:\Users\lizhao\AppData\Local\Temp\DaVinci\Cfg-6034138\LegacyConverterResults\1705906880720-0\ConvertedLegacy" -r 42 -e -v 19.
              [info] Converting DBC file C:\Users\lizhao\Documents\Github\S32K14x_MCAL\AutoSAR_LED.dbc.
              [warning] DBC attribute Manufacturer not defined.
                    ==> Use Manufacturer='Vector' as attribute value.
              [info] Writing System Description...
              [info] Writing 1 ECU Extracts...
              
              C:\Users\lizhao\AppData\Local\Temp\DaVinci\Cfg-6034138\LegacyConverterResults\1705906880720-0\ConvertedLegacy.arxml.
              C:\Users\lizhao\AppData\Local\Temp\DaVinci\Cfg-6034138\LegacyConverterResults\1705906880720-0\ConvertedLegacy_LED.arxml.
              Elapsed time: 0.750 seconds.
              0 Errors.
              1 Warnings.
              [Warning] Legacy Converter finished with errors/warnings.
 15:01:22 - Action 'Converting legacy file(s) to AUTOSAR files' successfully finished with warnings.
                 [Warning] Legacy Converter finished with errors/warnings.
 15:01:22 - Action 'Converting legacy file(s) to AUTOSAR files' successfully finished with warnings.
                 [Warning] Legacy Converter finished with errors/warnings.
 15:01:22 - Action 'Input File Pre-Processing' finished.
 15:01:22 - Action 'Create copy of the Project' started.
              Copy project 'C:\Users\lizhao\Documents\Github\S32K14x_MCAL\AutoSAR_LED_Project' to 'C:\Users\lizhao\AppData\Local\Temp\DaVinci\Cfg-6034138\Workflow\1705906882641-0'...
              Adjusting DPA file of copied project...
 15:01:22 - Action 'Create copy of the Project' successfully finished.
 15:01:22 - Action 'Close Project' started.
 15:01:23 - Action 'Close Project' successfully finished.
 15:01:27 - Action 'Prepare DaVinci Developer update data' started.
 15:01:27 - Action 'Prepare DaVinci Developer update data' successfully finished.
 15:01:27 - Action 'Prepare System Extract' started.
 15:01:27 - Action 'Preprocessing System Extract' started.
 15:01:27 - Action 'Preprocessing System Extract' successfully finished.
 15:01:28 - Action 'Create OEM Communication Extract' started.
 15:01:28 - Action 'Create OEM Communication Extract' successfully finished.
 15:01:28 - Action 'Prepare System Extract' successfully finished.
 15:01:28 - Action 'Updating the project' started.
 15:01:30 - Action 'Create ECU configuration' started.
 15:01:35 - Action 'Create ECU configuration' successfully finished.
 15:01:35 - Action 'Update ECU configuration' started.
 15:01:35 - Action 'Update ECU configuration' started.
              No Package path available for module configuration: /ActiveEcuC/CanSM. Default /ActiveEcuC is used instead.
              No Package path available for module configuration: /ActiveEcuC/Can. Default /ActiveEcuC is used instead.
              No Package path available for module configuration: /ActiveEcuC/CanIf. Default /ActiveEcuC is used instead.
              No Package path available for module configuration: /ActiveEcuC/Mcu. Default /ActiveEcuC is used instead.
              No Package path available for module configuration: /ActiveEcuC/Det. Default /ActiveEcuC is used instead.
              No Package path available for module configuration: /ActiveEcuC/ComM. Default /ActiveEcuC is used instead.
              No Package path available for module configuration: /ActiveEcuC/Rte. Default /ActiveEcuC is used instead.
              No Package path available for module configuration: /ActiveEcuC/BswM. Default /ActiveEcuC is used instead.
              No Package path available for module configuration: /ActiveEcuC/EcuM. Default /ActiveEcuC is used instead.
              No Package path available for module configuration: /ActiveEcuC/vSet. Default /ActiveEcuC is used instead.
              No Package path available for module configuration: /ActiveEcuC/Os. Default /ActiveEcuC is used instead.
 15:01:40 - Action 'Update ECU configuration' successfully finished.
 15:01:40 - Action 'Update ECU configuration' successfully finished.
 15:01:40 - Action 'Updating the project' successfully finished.
 15:01:40 - Action 'Adapt project file' started.
 15:01:40 - Action 'Adapt project file' successfully finished.
 15:01:40 - Action 'Generate update report' started.
 15:01:49 - Action 'Generate update report' successfully finished.
 15:01:49 - Action 'Execute Solving Actions' started.
              Executing all Preferred-Solving-Actions...
              All Preferred-Solving-Actions done.
              Executing update specific Preferred-Solving-Actions...
              Update specific Preferred-Solving-Actions done.
 15:01:55 - Action 'Execute Solving Actions' successfully finished.
 15:01:55 - Action 'Update DaVinci Developer Workspace' started.
              22 Jan 2024 15:01:59 - Opening workspace 'C:\Users\lizhao\AppData\Local\Temp\DaVinci\Cfg-6034138\Workflow\1705906882641-0\Config\Developer\AutoSAR_LED.dcf'...
              22 Jan 2024 15:02:02 - Loading file PlatformTypes_AR4.arxml (C:\Users\lizhao\AppData\Local\Temp\DaVinci\Cfg-6034138\Workflow\1705906882641-0\Config\AUTOSAR\PlatformTypes_AR4.arxml).
              22 Jan 2024 15:02:02 - Loading file BswM_swc.arxml (C:\Users\lizhao\AppData\Local\Temp\DaVinci\Cfg-6034138\Workflow\1705906882641-0\Config\ServiceComponents\BswM_swc.arxml).
              22 Jan 2024 15:02:02 - Loading file ComM_swc.arxml (C:\Users\lizhao\AppData\Local\Temp\DaVinci\Cfg-6034138\Workflow\1705906882641-0\Config\ServiceComponents\ComM_swc.arxml).
              22 Jan 2024 15:02:02 - Loading file Det_swc.arxml (C:\Users\lizhao\AppData\Local\Temp\DaVinci\Cfg-6034138\Workflow\1705906882641-0\Config\ServiceComponents\Det_swc.arxml).
              22 Jan 2024 15:02:02 - Loading file EcuM_swc.arxml (C:\Users\lizhao\AppData\Local\Temp\DaVinci\Cfg-6034138\Workflow\1705906882641-0\Config\ServiceComponents\EcuM_swc.arxml).
              22 Jan 2024 15:02:02 - Loading file Os_swc.arxml (C:\Users\lizhao\AppData\Local\Temp\DaVinci\Cfg-6034138\Workflow\1705906882641-0\Config\ServiceComponents\Os_swc.arxml).
              22 Jan 2024 15:02:02 - Loading file AutoSAR_LED.arxml (C:\Users\lizhao\AppData\Local\Temp\DaVinci\Cfg-6034138\Workflow\1705906882641-0\Config\Developer\AutoSAR_LED.arxml).
              22 Jan 2024 15:02:02 - Loading file DataTypes.arxml (C:\Users\lizhao\AppData\Local\Temp\DaVinci\Cfg-6034138\Workflow\1705906882641-0\Config\Developer\DataTypes.arxml).
              22 Jan 2024 15:02:02 - Loading file Packages.arxml (C:\Users\lizhao\AppData\Local\Temp\DaVinci\Cfg-6034138\Workflow\1705906882641-0\Config\Developer\Packages.arxml).
              22 Jan 2024 15:02:02 - Loading file PortInterfaces.arxml (C:\Users\lizhao\AppData\Local\Temp\DaVinci\Cfg-6034138\Workflow\1705906882641-0\Config\Developer\PortInterfaces.arxml).
              22 Jan 2024 15:02:03 - Opened workspace 'C:\Users\lizhao\AppData\Local\Temp\DaVinci\Cfg-6034138\Workflow\1705906882641-0\Config\Developer\AutoSAR_LED.dcf' successfully.
              22 Jan 2024 15:02:04 - Start import.
              22 Jan 2024 15:02:04 - Importing file (C:\Users\lizhao\AppData\Local\Temp\DaVinci\Cfg-6034138\Workflow\1705906882641-0\Config\System\SystemExtract.arxml).
              22 Jan 2024 15:02:05 - Merging imported data.
              22 Jan 2024 15:02:05 - Finished import.
              22 Jan 2024 15:02:05 - Saving workspace 'C:\Users\lizhao\AppData\Local\Temp\DaVinci\Cfg-6034138\Workflow\1705906882641-0\Config\Developer\AutoSAR_LED.dcf'...
              22 Jan 2024 15:02:05 - Saving file AutoSAR_LED.arxml (C:\Users\lizhao\AppData\Local\Temp\DaVinci\Cfg-6034138\Workflow\1705906882641-0\Config\Developer\AutoSAR_LED.arxml).
              22 Jan 2024 15:02:05 - Saving file Packages.arxml (C:\Users\lizhao\AppData\Local\Temp\DaVinci\Cfg-6034138\Workflow\1705906882641-0\Config\Developer\Packages.arxml).
              22 Jan 2024 15:02:05 - Saved workspace 'C:\Users\lizhao\AppData\Local\Temp\DaVinci\Cfg-6034138\Workflow\1705906882641-0\Config\Developer\AutoSAR_LED.dcf' successfully.
              22 Jan 2024 15:02:05 - Closing workspace 'C:\Users\lizhao\AppData\Local\Temp\DaVinci\Cfg-6034138\Workflow\1705906882641-0\Config\Developer\AutoSAR_LED.dcf'...
              22 Jan 2024 15:02:05 - Closed workspace 'C:\Users\lizhao\AppData\Local\Temp\DaVinci\Cfg-6034138\Workflow\1705906882641-0\Config\Developer\AutoSAR_LED.dcf' successfully.
              OK.
 15:02:07 - Action 'Update DaVinci Developer Workspace' successfully finished.
 15:02:07 - Action 'Update RTE configuration' started.
 15:02:08 - Action 'Update RTE configuration' successfully finished.
 15:02:08 - Action 'Align differences after successful update' started.
 15:02:08 - Action 'Align differences after successful update' successfully finished.
 15:02:08 - Action 'Clean up update data' started.
 15:02:08 - Action 'Clean up update data' successfully finished.
15:02:09 - Workflow 'Update workflow.' finished.
